{"/home/momo/Documents/Advanced Javascript/TA-JS-advanced-dom-and-test-TJaaan/block-BJaajc/code/index.js": {"path":"/home/momo/Documents/Advanced Javascript/TA-JS-advanced-dom-and-test-TJaaan/block-BJaajc/code/index.js","statementMap":{"0":{"start":{"line":2,"column":2},"end":{"line":2,"column":36}},"1":{"start":{"line":5,"column":12},"end":{"line":5,"column":27}},"2":{"start":{"line":6,"column":2},"end":{"line":30,"column":3}},"3":{"start":{"line":7,"column":4},"end":{"line":17,"column":6}},"4":{"start":{"line":19,"column":4},"end":{"line":29,"column":6}},"5":{"start":{"line":33,"column":22},"end":{"line":33,"column":42}},"6":{"start":{"line":34,"column":2},"end":{"line":34,"column":61}},"7":{"start":{"line":38,"column":13},"end":{"line":38,"column":42}},"8":{"start":{"line":39,"column":2},"end":{"line":39,"column":43}},"9":{"start":{"line":42,"column":0},"end":{"line":47,"column":2}}},"fnMap":{"0":{"name":"getFullName","decl":{"start":{"line":1,"column":9},"end":{"line":1,"column":20}},"loc":{"start":{"line":1,"column":42},"end":{"line":3,"column":1}},"line":1},"1":{"name":"isPalindrome","decl":{"start":{"line":4,"column":9},"end":{"line":4,"column":21}},"loc":{"start":{"line":4,"column":29},"end":{"line":31,"column":1}},"line":4},"2":{"name":"getCircumference","decl":{"start":{"line":32,"column":9},"end":{"line":32,"column":25}},"loc":{"start":{"line":32,"column":34},"end":{"line":35,"column":1}},"line":32},"3":{"name":"getArea","decl":{"start":{"line":37,"column":9},"end":{"line":37,"column":16}},"loc":{"start":{"line":37,"column":25},"end":{"line":40,"column":1}},"line":37}},"branchMap":{"0":{"loc":{"start":{"line":6,"column":2},"end":{"line":30,"column":3}},"type":"if","locations":[{"start":{"line":6,"column":2},"end":{"line":30,"column":3}},{"start":{"line":18,"column":9},"end":{"line":30,"column":3}}],"line":6}},"s":{"0":6,"1":6,"2":6,"3":3,"4":3,"5":6,"6":6,"7":6,"8":6,"9":1},"f":{"0":6,"1":6,"2":6,"3":6},"b":{"0":[3,3]},"_coverageSchema":"1a1c01bbd47fc00a2c39e90264f33305004495a9","hash":"82533e9454e96a82f08f635384b1a4d3782b549e"}
}
